<?xml version="1.0" encoding="UTF-8"?>
<!-- Generated by org.testng.reporters.JUnitReportReporter -->
<testsuite hostname="DESKTOP-25TTM1F" failures="0" tests="4" name="com.freecrm.testcases.BeforeAndAfterDemo" time="32.914" errors="0" timestamp="2020-06-28T07:16:07 EET" skipped="0">
  <testcase classname="com.freecrm.testcases.BeforeAndAfterDemo" name="getLoginPageTitle" time="7.533"/>
  <system-out/>
  <testcase classname="com.freecrm.testcases.BeforeAndAfterDemo" name="checkLogoIsDisplayed" time="7.367"/>
  <system-out/>
  <testcase classname="com.freecrm.testcases.BeforeAndAfterDemo" name="getCurrentUrl" time="7.120"/>
  <system-out/>
  <testcase classname="com.freecrm.testcases.BeforeAndAfterDemo" name="loginToAccount" time="10.894"/>
  <system-out/>
</testsuite> <!-- com.freecrm.testcases.BeforeAndAfterDemo -->
