<?xml version="1.0" encoding="UTF-8"?>
<!-- Generated by org.testng.reporters.JUnitReportReporter -->
<testsuite hostname="DESKTOP-25TTM1F" failures="0" tests="2" name="com.freecrm.testcases.LoginPageTest" time="14.591" errors="0" timestamp="2020-06-28T07:16:07 EET" skipped="0">
  <testcase classname="com.freecrm.testcases.LoginPageTest" name="getLoginPageTitle" time="7.447"/>
  <system-out/>
  <testcase classname="com.freecrm.testcases.LoginPageTest" name="getCurrentUrl" time="7.144"/>
  <system-out/>
</testsuite> <!-- com.freecrm.testcases.LoginPageTest -->
