<?xml version="1.0" encoding="UTF-8"?>
<!-- Generated by org.testng.reporters.JUnitReportReporter -->
<testsuite hostname="DESKTOP-25TTM1F" failures="0" tests="3" name="com.freecrm.testcases.DashboradPage" time="36.250" errors="0" timestamp="2020-07-03T22:51:25 EET" skipped="0">
  <testcase classname="com.freecrm.testcases.DashboradPage" name="testLoginProcess" time="11.277"/>
  <system-out/>
  <testcase classname="com.freecrm.testcases.DashboradPage" name="clickOnCalender" time="12.685"/>
  <system-out/>
  <testcase classname="com.freecrm.testcases.DashboradPage" name="clickOnContacts" time="12.288"/>
  <system-out/>
</testsuite> <!-- com.freecrm.testcases.DashboradPage -->
